This file contains any messages produced by compilers while
running configure, to aid debugging if configure makes a mistake.

It was created by XTide configure 2.14, which was
generated by GNU Autoconf 2.69.  Invocation command line was

  $ ./configure 

## --------- ##
## Platform. ##
## --------- ##

hostname = yamarashi
uname -m = x86_64
uname -r = 3.13.0-29-generic
uname -s = Linux
uname -v = #53-Ubuntu SMP Wed Jun 4 21:00:20 UTC 2014

/usr/bin/uname -p = unknown
/bin/uname -X     = unknown

/bin/arch              = unknown
/usr/bin/arch -k       = unknown
/usr/convex/getsysinfo = unknown
/usr/bin/hostinfo      = unknown
/bin/machine           = unknown
/usr/bin/oslevel       = unknown
/bin/universe          = unknown

PATH: /opt/ruby-2.0.0/bin
PATH: /home/bhall/.nodes/current/bin
PATH: /usr/local/sbin
PATH: /usr/local/bin
PATH: /usr/sbin
PATH: /usr/bin
PATH: /sbin
PATH: /bin
PATH: /usr/games
PATH: /usr/local/games


## ----------- ##
## Core tests. ##
## ----------- ##

configure:2680: checking for a BSD-compatible install
configure:2748: result: /usr/bin/install -c
configure:2759: checking whether build environment is sane
configure:2809: result: yes
configure:2950: checking for a thread-safe mkdir -p
configure:2989: result: /bin/mkdir -p
configure:3002: checking for gawk
configure:3032: result: no
configure:3002: checking for mawk
configure:3018: found /usr/bin/mawk
configure:3029: result: mawk
configure:3040: checking whether make sets $(MAKE)
configure:3062: result: yes
configure:3207: checking for g++
configure:3223: found /usr/bin/g++
configure:3234: result: g++
configure:3261: checking for C++ compiler version
configure:3270: g++ --version >&5
g++ (Ubuntu 4.8.2-19ubuntu1) 4.8.2
Copyright (C) 2013 Free Software Foundation, Inc.
This is free software; see the source for copying conditions.  There is NO
warranty; not even for MERCHANTABILITY or FITNESS FOR A PARTICULAR PURPOSE.

configure:3281: $? = 0
configure:3270: g++ -v >&5
Using built-in specs.
COLLECT_GCC=g++
COLLECT_LTO_WRAPPER=/usr/lib/gcc/x86_64-linux-gnu/4.8/lto-wrapper
Target: x86_64-linux-gnu
Configured with: ../src/configure -v --with-pkgversion='Ubuntu 4.8.2-19ubuntu1' --with-bugurl=file:///usr/share/doc/gcc-4.8/README.Bugs --enable-languages=c,c++,java,go,d,fortran,objc,obj-c++ --prefix=/usr --program-suffix=-4.8 --enable-shared --enable-linker-build-id --libexecdir=/usr/lib --without-included-gettext --enable-threads=posix --with-gxx-include-dir=/usr/include/c++/4.8 --libdir=/usr/lib --enable-nls --with-sysroot=/ --enable-clocale=gnu --enable-libstdcxx-debug --enable-libstdcxx-time=yes --enable-gnu-unique-object --disable-libmudflap --enable-plugin --with-system-zlib --disable-browser-plugin --enable-java-awt=gtk --enable-gtk-cairo --with-java-home=/usr/lib/jvm/java-1.5.0-gcj-4.8-amd64/jre --enable-java-home --with-jvm-root-dir=/usr/lib/jvm/java-1.5.0-gcj-4.8-amd64 --with-jvm-jar-dir=/usr/lib/jvm-exports/java-1.5.0-gcj-4.8-amd64 --with-arch-directory=amd64 --with-ecj-jar=/usr/share/java/eclipse-ecj.jar --enable-objc-gc --enable-multiarch --disable-werror --with-arch-32=i686 --with-abi=m64 --with-multilib-list=m32,m64,mx32 --with-tune=generic --enable-checking=release --build=x86_64-linux-gnu --host=x86_64-linux-gnu --target=x86_64-linux-gnu
Thread model: posix
gcc version 4.8.2 (Ubuntu 4.8.2-19ubuntu1) 
configure:3281: $? = 0
configure:3270: g++ -V >&5
g++: error: unrecognized command line option '-V'
g++: fatal error: no input files
compilation terminated.
configure:3281: $? = 4
configure:3270: g++ -qversion >&5
g++: error: unrecognized command line option '-qversion'
g++: fatal error: no input files
compilation terminated.
configure:3281: $? = 4
configure:3301: checking whether the C++ compiler works
configure:3323: g++    conftest.cpp  >&5
configure:3327: $? = 0
configure:3375: result: yes
configure:3378: checking for C++ compiler default output file name
configure:3380: result: a.out
configure:3386: checking for suffix of executables
configure:3393: g++ -o conftest    conftest.cpp  >&5
configure:3397: $? = 0
configure:3419: result: 
configure:3441: checking whether we are cross compiling
configure:3449: g++ -o conftest    conftest.cpp  >&5
configure:3453: $? = 0
configure:3460: ./conftest
configure:3464: $? = 0
configure:3479: result: no
configure:3484: checking for suffix of object files
configure:3506: g++ -c   conftest.cpp >&5
configure:3510: $? = 0
configure:3531: result: o
configure:3535: checking whether we are using the GNU C++ compiler
configure:3554: g++ -c   conftest.cpp >&5
configure:3554: $? = 0
configure:3563: result: yes
configure:3572: checking whether g++ accepts -g
configure:3592: g++ -c -g  conftest.cpp >&5
configure:3592: $? = 0
configure:3633: result: yes
configure:3667: checking for style of include used by make
configure:3695: result: GNU
configure:3721: checking dependency style of g++
configure:3832: result: gcc3
configure:3852: checking for flex
configure:3882: result: no
configure:3852: checking for lex
configure:3882: result: no
configure:4014: checking for bison
configure:4044: result: no
configure:4014: checking for byacc
configure:4044: result: no
configure:4082: checking build system type
configure:4096: result: x86_64-unknown-linux-gnu
configure:4116: checking host system type
configure:4129: result: x86_64-unknown-linux-gnu
configure:4170: checking how to print strings
configure:4197: result: printf
configure:4266: checking for gcc
configure:4282: found /usr/bin/gcc
configure:4293: result: gcc
configure:4522: checking for C compiler version
configure:4531: gcc --version >&5
gcc (Ubuntu 4.8.2-19ubuntu1) 4.8.2
Copyright (C) 2013 Free Software Foundation, Inc.
This is free software; see the source for copying conditions.  There is NO
warranty; not even for MERCHANTABILITY or FITNESS FOR A PARTICULAR PURPOSE.

configure:4542: $? = 0
configure:4531: gcc -v >&5
Using built-in specs.
COLLECT_GCC=gcc
COLLECT_LTO_WRAPPER=/usr/lib/gcc/x86_64-linux-gnu/4.8/lto-wrapper
Target: x86_64-linux-gnu
Configured with: ../src/configure -v --with-pkgversion='Ubuntu 4.8.2-19ubuntu1' --with-bugurl=file:///usr/share/doc/gcc-4.8/README.Bugs --enable-languages=c,c++,java,go,d,fortran,objc,obj-c++ --prefix=/usr --program-suffix=-4.8 --enable-shared --enable-linker-build-id --libexecdir=/usr/lib --without-included-gettext --enable-threads=posix --with-gxx-include-dir=/usr/include/c++/4.8 --libdir=/usr/lib --enable-nls --with-sysroot=/ --enable-clocale=gnu --enable-libstdcxx-debug --enable-libstdcxx-time=yes --enable-gnu-unique-object --disable-libmudflap --enable-plugin --with-system-zlib --disable-browser-plugin --enable-java-awt=gtk --enable-gtk-cairo --with-java-home=/usr/lib/jvm/java-1.5.0-gcj-4.8-amd64/jre --enable-java-home --with-jvm-root-dir=/usr/lib/jvm/java-1.5.0-gcj-4.8-amd64 --with-jvm-jar-dir=/usr/lib/jvm-exports/java-1.5.0-gcj-4.8-amd64 --with-arch-directory=amd64 --with-ecj-jar=/usr/share/java/eclipse-ecj.jar --enable-objc-gc --enable-multiarch --disable-werror --with-arch-32=i686 --with-abi=m64 --with-multilib-list=m32,m64,mx32 --with-tune=generic --enable-checking=release --build=x86_64-linux-gnu --host=x86_64-linux-gnu --target=x86_64-linux-gnu
Thread model: posix
gcc version 4.8.2 (Ubuntu 4.8.2-19ubuntu1) 
configure:4542: $? = 0
configure:4531: gcc -V >&5
gcc: error: unrecognized command line option '-V'
gcc: fatal error: no input files
compilation terminated.
configure:4542: $? = 4
configure:4531: gcc -qversion >&5
gcc: error: unrecognized command line option '-qversion'
gcc: fatal error: no input files
compilation terminated.
configure:4542: $? = 4
configure:4546: checking whether we are using the GNU C compiler
configure:4565: gcc -c   conftest.c >&5
configure:4565: $? = 0
configure:4574: result: yes
configure:4583: checking whether gcc accepts -g
configure:4603: gcc -c -g  conftest.c >&5
configure:4603: $? = 0
configure:4644: result: yes
configure:4661: checking for gcc option to accept ISO C89
configure:4724: gcc  -c -g -O2  conftest.c >&5
configure:4724: $? = 0
configure:4737: result: none needed
configure:4759: checking dependency style of gcc
configure:4870: result: gcc3
configure:4885: checking for a sed that does not truncate output
configure:4949: result: /bin/sed
configure:4967: checking for grep that handles long lines and -e
configure:5025: result: /bin/grep
configure:5030: checking for egrep
configure:5092: result: /bin/grep -E
configure:5097: checking for fgrep
configure:5159: result: /bin/grep -F
configure:5194: checking for ld used by gcc
configure:5261: result: /usr/bin/ld
configure:5268: checking if the linker (/usr/bin/ld) is GNU ld
configure:5283: result: yes
configure:5295: checking for BSD- or MS-compatible name lister (nm)
configure:5344: result: /usr/bin/nm -B
configure:5474: checking the name lister (/usr/bin/nm -B) interface
configure:5481: g++ -c -g -O2  conftest.cpp >&5
configure:5484: /usr/bin/nm -B "conftest.o"
configure:5487: output
0000000000000000 B some_variable
configure:5494: result: BSD nm
configure:5497: checking whether ln -s works
configure:5501: result: yes
configure:5509: checking the maximum length of command line arguments
configure:5639: result: 1572864
configure:5656: checking whether the shell understands some XSI constructs
configure:5666: result: yes
configure:5670: checking whether the shell understands "+="
configure:5676: result: yes
configure:5711: checking how to convert x86_64-unknown-linux-gnu file names to x86_64-unknown-linux-gnu format
configure:5751: result: func_convert_file_noop
configure:5758: checking how to convert x86_64-unknown-linux-gnu file names to toolchain format
configure:5778: result: func_convert_file_noop
configure:5785: checking for /usr/bin/ld option to reload object files
configure:5792: result: -r
configure:5866: checking for objdump
configure:5882: found /usr/bin/objdump
configure:5893: result: objdump
configure:5925: checking how to recognize dependent libraries
configure:6127: result: pass_all
configure:6212: checking for dlltool
configure:6242: result: no
configure:6272: checking how to associate runtime and link libraries
configure:6299: result: printf %s\n
configure:6359: checking for ar
configure:6375: found /usr/bin/ar
configure:6386: result: ar
configure:6423: checking for archiver @FILE support
configure:6440: g++ -c -g -O2  conftest.cpp >&5
configure:6440: $? = 0
configure:6443: ar cru libconftest.a @conftest.lst >&5
configure:6446: $? = 0
configure:6451: ar cru libconftest.a @conftest.lst >&5
ar: conftest.o: No such file or directory
configure:6454: $? = 1
configure:6466: result: @
configure:6524: checking for strip
configure:6540: found /usr/bin/strip
configure:6551: result: strip
configure:6623: checking for ranlib
configure:6639: found /usr/bin/ranlib
configure:6650: result: ranlib
configure:6752: checking command to parse /usr/bin/nm -B output from gcc object
configure:6872: g++ -c -g -O2  conftest.cpp >&5
configure:6875: $? = 0
configure:6879: /usr/bin/nm -B conftest.o \| sed -n -e 's/^.*[ ]\([ABCDGIRSTW][ABCDGIRSTW]*\)[ ][ ]*\([_A-Za-z][_A-Za-z0-9]*\)$/\1 \2 \2/p' | sed '/ __gnu_lto/d' \> conftest.nm
configure:6882: $? = 0
configure:6948: g++ -o conftest -g -O2   conftest.cpp conftstm.o >&5
configure:6951: $? = 0
configure:6989: result: ok
configure:7026: checking for sysroot
configure:7056: result: no
configure:7134: g++ -c -g -O2  conftest.cpp >&5
configure:7137: $? = 0
configure:7313: checking for mt
configure:7329: found /bin/mt
configure:7340: result: mt
configure:7363: checking if mt is a manifest tool
configure:7369: mt '-?'
configure:7377: result: no
configure:8019: checking how to run the C preprocessor
configure:8050: gcc -E  conftest.c
configure:8050: $? = 0
configure:8064: gcc -E  conftest.c
conftest.c:11:28: fatal error: ac_nonexistent.h: No such file or directory
 #include <ac_nonexistent.h>
                            ^
compilation terminated.
configure:8064: $? = 1
configure: failed program was:
| /* confdefs.h */
| #define PACKAGE_NAME "XTide"
| #define PACKAGE_TARNAME "xtide"
| #define PACKAGE_VERSION "2.14"
| #define PACKAGE_STRING "XTide 2.14"
| #define PACKAGE_BUGREPORT "dave@flaterco.com"
| #define PACKAGE_URL ""
| #define PACKAGE "xtide"
| #define VERSION "2.14"
| /* end confdefs.h.  */
| #include <ac_nonexistent.h>
configure:8089: result: gcc -E
configure:8109: gcc -E  conftest.c
configure:8109: $? = 0
configure:8123: gcc -E  conftest.c
conftest.c:11:28: fatal error: ac_nonexistent.h: No such file or directory
 #include <ac_nonexistent.h>
                            ^
compilation terminated.
configure:8123: $? = 1
configure: failed program was:
| /* confdefs.h */
| #define PACKAGE_NAME "XTide"
| #define PACKAGE_TARNAME "xtide"
| #define PACKAGE_VERSION "2.14"
| #define PACKAGE_STRING "XTide 2.14"
| #define PACKAGE_BUGREPORT "dave@flaterco.com"
| #define PACKAGE_URL ""
| #define PACKAGE "xtide"
| #define VERSION "2.14"
| /* end confdefs.h.  */
| #include <ac_nonexistent.h>
configure:8152: checking for ANSI C header files
configure:8172: gcc -c -g -O2  conftest.c >&5
configure:8172: $? = 0
configure:8245: gcc -o conftest -g -O2   conftest.c  >&5
configure:8245: $? = 0
configure:8245: ./conftest
configure:8245: $? = 0
configure:8256: result: yes
configure:8269: checking for sys/types.h
configure:8269: gcc -c -g -O2  conftest.c >&5
configure:8269: $? = 0
configure:8269: result: yes
configure:8269: checking for sys/stat.h
configure:8269: gcc -c -g -O2  conftest.c >&5
configure:8269: $? = 0
configure:8269: result: yes
configure:8269: checking for stdlib.h
configure:8269: gcc -c -g -O2  conftest.c >&5
configure:8269: $? = 0
configure:8269: result: yes
configure:8269: checking for string.h
configure:8269: gcc -c -g -O2  conftest.c >&5
configure:8269: $? = 0
configure:8269: result: yes
configure:8269: checking for memory.h
configure:8269: gcc -c -g -O2  conftest.c >&5
configure:8269: $? = 0
configure:8269: result: yes
configure:8269: checking for strings.h
configure:8269: gcc -c -g -O2  conftest.c >&5
configure:8269: $? = 0
configure:8269: result: yes
configure:8269: checking for inttypes.h
configure:8269: gcc -c -g -O2  conftest.c >&5
configure:8269: $? = 0
configure:8269: result: yes
configure:8269: checking for stdint.h
configure:8269: gcc -c -g -O2  conftest.c >&5
configure:8269: $? = 0
configure:8269: result: yes
configure:8269: checking for unistd.h
configure:8269: gcc -c -g -O2  conftest.c >&5
configure:8269: $? = 0
configure:8269: result: yes
configure:8283: checking for dlfcn.h
configure:8283: gcc -c -g -O2  conftest.c >&5
configure:8283: $? = 0
configure:8283: result: yes
configure:8499: checking for objdir
configure:8514: result: .libs
configure:8785: checking if gcc supports -fno-rtti -fno-exceptions
configure:8803: gcc -c -g -O2  -fno-rtti -fno-exceptions conftest.c >&5
cc1: warning: command line option '-fno-rtti' is valid for C++/ObjC++ but not for C [enabled by default]
configure:8807: $? = 0
configure:8820: result: no
configure:9147: checking for gcc option to produce PIC
configure:9154: result: -fPIC -DPIC
configure:9162: checking if gcc PIC flag -fPIC -DPIC works
configure:9180: gcc -c -g -O2  -fPIC -DPIC -DPIC conftest.c >&5
configure:9184: $? = 0
configure:9197: result: yes
configure:9226: checking if gcc static flag -static works
configure:9254: result: yes
configure:9269: checking if gcc supports -c -o file.o
configure:9290: gcc -c -g -O2  -o out/conftest2.o conftest.c >&5
configure:9294: $? = 0
configure:9316: result: yes
configure:9324: checking if gcc supports -c -o file.o
configure:9371: result: yes
configure:9404: checking whether the gcc linker (/usr/bin/ld -m elf_x86_64) supports shared libraries
configure:10557: result: yes
configure:10594: checking whether -lc should be explicitly linked in
configure:10602: gcc -c -g -O2  conftest.c >&5
configure:10605: $? = 0
configure:10620: gcc -shared  -fPIC -DPIC conftest.o  -v -Wl,-soname -Wl,conftest -o conftest 2\>\&1 \| /bin/grep  -lc  \>/dev/null 2\>\&1
configure:10623: $? = 0
configure:10637: result: no
configure:10797: checking dynamic linker characteristics
configure:11308: gcc -o conftest -g -O2   -Wl,-rpath -Wl,/foo conftest.c  >&5
configure:11308: $? = 0
configure:11530: result: GNU/Linux ld.so
configure:11637: checking how to hardcode library paths into programs
configure:11662: result: immediate
configure:12202: checking whether stripping libraries is possible
configure:12207: result: yes
configure:12242: checking if libtool supports shared libraries
configure:12244: result: yes
configure:12247: checking whether to build shared libraries
configure:12268: result: yes
configure:12271: checking whether to build static libraries
configure:12275: result: yes
configure:12298: checking how to run the C++ preprocessor
configure:12325: g++ -E  conftest.cpp
configure:12325: $? = 0
configure:12339: g++ -E  conftest.cpp
conftest.cpp:23:28: fatal error: ac_nonexistent.h: No such file or directory
 #include <ac_nonexistent.h>
                            ^
compilation terminated.
configure:12339: $? = 1
configure: failed program was:
| /* confdefs.h */
| #define PACKAGE_NAME "XTide"
| #define PACKAGE_TARNAME "xtide"
| #define PACKAGE_VERSION "2.14"
| #define PACKAGE_STRING "XTide 2.14"
| #define PACKAGE_BUGREPORT "dave@flaterco.com"
| #define PACKAGE_URL ""
| #define PACKAGE "xtide"
| #define VERSION "2.14"
| #define STDC_HEADERS 1
| #define HAVE_SYS_TYPES_H 1
| #define HAVE_SYS_STAT_H 1
| #define HAVE_STDLIB_H 1
| #define HAVE_STRING_H 1
| #define HAVE_MEMORY_H 1
| #define HAVE_STRINGS_H 1
| #define HAVE_INTTYPES_H 1
| #define HAVE_STDINT_H 1
| #define HAVE_UNISTD_H 1
| #define HAVE_DLFCN_H 1
| #define LT_OBJDIR ".libs/"
| /* end confdefs.h.  */
| #include <ac_nonexistent.h>
configure:12364: result: g++ -E
configure:12384: g++ -E  conftest.cpp
configure:12384: $? = 0
configure:12398: g++ -E  conftest.cpp
conftest.cpp:23:28: fatal error: ac_nonexistent.h: No such file or directory
 #include <ac_nonexistent.h>
                            ^
compilation terminated.
configure:12398: $? = 1
configure: failed program was:
| /* confdefs.h */
| #define PACKAGE_NAME "XTide"
| #define PACKAGE_TARNAME "xtide"
| #define PACKAGE_VERSION "2.14"
| #define PACKAGE_STRING "XTide 2.14"
| #define PACKAGE_BUGREPORT "dave@flaterco.com"
| #define PACKAGE_URL ""
| #define PACKAGE "xtide"
| #define VERSION "2.14"
| #define STDC_HEADERS 1
| #define HAVE_SYS_TYPES_H 1
| #define HAVE_SYS_STAT_H 1
| #define HAVE_STDLIB_H 1
| #define HAVE_STRING_H 1
| #define HAVE_MEMORY_H 1
| #define HAVE_STRINGS_H 1
| #define HAVE_INTTYPES_H 1
| #define HAVE_STDINT_H 1
| #define HAVE_UNISTD_H 1
| #define HAVE_DLFCN_H 1
| #define LT_OBJDIR ".libs/"
| /* end confdefs.h.  */
| #include <ac_nonexistent.h>
configure:12567: checking for ld used by g++
configure:12634: result: /usr/bin/ld -m elf_x86_64
configure:12641: checking if the linker (/usr/bin/ld -m elf_x86_64) is GNU ld
configure:12656: result: yes
configure:12711: checking whether the g++ linker (/usr/bin/ld -m elf_x86_64) supports shared libraries
configure:13716: result: yes
configure:13752: g++ -c -g -O2  conftest.cpp >&5
configure:13755: $? = 0
configure:14275: checking for g++ option to produce PIC
configure:14282: result: -fPIC -DPIC
configure:14290: checking if g++ PIC flag -fPIC -DPIC works
configure:14308: g++ -c -g -O2  -fPIC -DPIC -DPIC conftest.cpp >&5
configure:14312: $? = 0
configure:14325: result: yes
configure:14348: checking if g++ static flag -static works
configure:14376: result: yes
configure:14388: checking if g++ supports -c -o file.o
configure:14409: g++ -c -g -O2  -o out/conftest2.o conftest.cpp >&5
configure:14413: $? = 0
configure:14435: result: yes
configure:14440: checking if g++ supports -c -o file.o
configure:14487: result: yes
configure:14517: checking whether the g++ linker (/usr/bin/ld -m elf_x86_64) supports shared libraries
configure:14553: result: yes
configure:14694: checking dynamic linker characteristics
configure:15361: result: GNU/Linux ld.so
configure:15414: checking how to hardcode library paths into programs
configure:15439: result: immediate
configure:15508: checking if using a version of GCC older than 4.4
configure:15522: g++ -E  conftest.cpp
configure:15522: $? = 0
configure:15524: result: no
configure:15546: checking if using GCC 4.5.0
configure:15558: g++ -E  conftest.cpp
configure:15558: $? = 0
configure:15560: result: no
configure:15581: checking if C++ compiler has an old GCC fault
configure:15592: g++ -c -g -O2  conftest.cpp >&5
configure:15592: $? = 0
configure:15594: result: no
configure:15611: checking vector usability
configure:15611: g++ -c -g -O2  conftest.cpp >&5
configure:15611: $? = 0
configure:15611: result: yes
configure:15611: checking vector presence
configure:15611: g++ -E  conftest.cpp
configure:15611: $? = 0
configure:15611: result: yes
configure:15611: checking for vector
configure:15611: result: yes
configure:15629: checking if C++ compiler can handle simple extended initializer lists
configure:15642: g++ -c -g -O2  conftest.cpp >&5
conftest.cpp: In function 'int main()':
conftest.cpp:27:27: error: in C++98 'test' must be initialized by constructor, not by '{...}'
 std::vector<int> test = {1}
                           ^
conftest.cpp:27:27: error: converting to 'std::vector<int>' from initializer list would use explicit constructor 'std::vector<_Tp, _Alloc>::vector(std::vector<_Tp, _Alloc>::size_type, const value_type&, const allocator_type&) [with _Tp = int; _Alloc = std::allocator<int>; std::vector<_Tp, _Alloc>::size_type = long unsigned int; std::vector<_Tp, _Alloc>::value_type = int; std::vector<_Tp, _Alloc>::allocator_type = std::allocator<int>]'
configure:15642: $? = 1
configure: failed program was:
| /* confdefs.h */
| #define PACKAGE_NAME "XTide"
| #define PACKAGE_TARNAME "xtide"
| #define PACKAGE_VERSION "2.14"
| #define PACKAGE_STRING "XTide 2.14"
| #define PACKAGE_BUGREPORT "dave@flaterco.com"
| #define PACKAGE_URL ""
| #define PACKAGE "xtide"
| #define VERSION "2.14"
| #define STDC_HEADERS 1
| #define HAVE_SYS_TYPES_H 1
| #define HAVE_SYS_STAT_H 1
| #define HAVE_STDLIB_H 1
| #define HAVE_STRING_H 1
| #define HAVE_MEMORY_H 1
| #define HAVE_STRINGS_H 1
| #define HAVE_INTTYPES_H 1
| #define HAVE_STDINT_H 1
| #define HAVE_UNISTD_H 1
| #define HAVE_DLFCN_H 1
| #define LT_OBJDIR ".libs/"
| /* end confdefs.h.  */
| #include <vector>
| int
| main ()
| {
| std::vector<int> test = {1}
|   ;
|   return 0;
| }
configure:15649: result: no
configure:15651: checking if it helps to add -std=gnu++0x to CXXFLAGS
configure:15665: g++ -c -std=gnu++0x -g -O2  conftest.cpp >&5
configure:15665: $? = 0
configure:15667: result: yes
configure:15719: checking if C++ compiler can handle complicated extended initializer lists
configure:15734: g++ -c -std=gnu++0x -g -O2  conftest.cpp >&5
configure:15734: $? = 0
configure:15736: result: yes
configure:15787: checking if std::vector has an initializer_list constructor
configure:15804: g++ -c -std=gnu++0x -g -O2  conftest.cpp >&5
configure:15804: $? = 0
configure:15806: result: yes
configure:15975: checking for X
configure:16083: g++ -E  conftest.cpp
configure:16083: $? = 0
configure:16114: g++ -o conftest -g -O2   conftest.cpp -lX11  -lm >&5
configure:16114: $? = 0
configure:16164: result: libraries , headers 
configure:16263: g++ -o conftest -g -O2   conftest.cpp  -lm  -lX11 >&5
configure:16263: $? = 0
configure:16361: checking for gethostbyname
configure:16361: g++ -o conftest -g -O2   conftest.cpp  -lm >&5
configure:16361: $? = 0
configure:16361: result: yes
configure:16458: checking for connect
configure:16458: g++ -o conftest -g -O2   conftest.cpp  -lm >&5
configure:16458: $? = 0
configure:16458: result: yes
configure:16507: checking for remove
configure:16507: g++ -o conftest -g -O2   conftest.cpp  -lm >&5
configure:16507: $? = 0
configure:16507: result: yes
configure:16556: checking for shmat
configure:16556: g++ -o conftest -g -O2   conftest.cpp  -lm >&5
configure:16556: $? = 0
configure:16556: result: yes
configure:16614: checking for IceConnectionNumber in -lICE
configure:16639: g++ -o conftest -g -O2   conftest.cpp -lICE   -lm >&5
/usr/bin/ld: cannot find -lICE
collect2: error: ld returned 1 exit status
configure:16639: $? = 1
configure: failed program was:
| /* confdefs.h */
| #define PACKAGE_NAME "XTide"
| #define PACKAGE_TARNAME "xtide"
| #define PACKAGE_VERSION "2.14"
| #define PACKAGE_STRING "XTide 2.14"
| #define PACKAGE_BUGREPORT "dave@flaterco.com"
| #define PACKAGE_URL ""
| #define PACKAGE "xtide"
| #define VERSION "2.14"
| #define STDC_HEADERS 1
| #define HAVE_SYS_TYPES_H 1
| #define HAVE_SYS_STAT_H 1
| #define HAVE_STDLIB_H 1
| #define HAVE_STRING_H 1
| #define HAVE_MEMORY_H 1
| #define HAVE_STRINGS_H 1
| #define HAVE_INTTYPES_H 1
| #define HAVE_STDINT_H 1
| #define HAVE_UNISTD_H 1
| #define HAVE_DLFCN_H 1
| #define LT_OBJDIR ".libs/"
| #define xttpd_user "nobody"
| #define xttpd_group "nobody"
| /* end confdefs.h.  */
| 
| /* Override any GCC internal prototype to avoid an error.
|    Use char because int might match the return type of a GCC
|    builtin and then its argument prototype would still apply.  */
| #ifdef __cplusplus
| extern "C"
| #endif
| char IceConnectionNumber ();
| int
| main ()
| {
| return IceConnectionNumber ();
|   ;
|   return 0;
| }
configure:16648: result: no
configure:16730: checking location of freetype2 headers
configure:16744: g++ -E  conftest.cpp
configure:16744: $? = 0
configure:16745: result: already in path
configure:16778: checking for libXaw3dXft 1.6.2b or compatible
configure:16786: g++ -E  conftest.cpp
conftest.cpp:26:36: fatal error: X11/Xaw3dxft/Xaw3dXft.h: No such file or directory
  #include <X11/Xaw3dxft/Xaw3dXft.h>
                                    ^
compilation terminated.
configure:16786: $? = 1
configure: failed program was:
| /* confdefs.h */
| #define PACKAGE_NAME "XTide"
| #define PACKAGE_TARNAME "xtide"
| #define PACKAGE_VERSION "2.14"
| #define PACKAGE_STRING "XTide 2.14"
| #define PACKAGE_BUGREPORT "dave@flaterco.com"
| #define PACKAGE_URL ""
| #define PACKAGE "xtide"
| #define VERSION "2.14"
| #define STDC_HEADERS 1
| #define HAVE_SYS_TYPES_H 1
| #define HAVE_SYS_STAT_H 1
| #define HAVE_STDLIB_H 1
| #define HAVE_STRING_H 1
| #define HAVE_MEMORY_H 1
| #define HAVE_STRINGS_H 1
| #define HAVE_INTTYPES_H 1
| #define HAVE_STDINT_H 1
| #define HAVE_UNISTD_H 1
| #define HAVE_DLFCN_H 1
| #define LT_OBJDIR ".libs/"
| #define xttpd_user "nobody"
| #define xttpd_group "nobody"
| /* end confdefs.h.  */
| 
| 	#include <X11/Xaw3dxft/Xaw3dXft.h>
| 
configure:16848: result: no
configure:16850: checking for libXaw3dXft 1.6.2 or compatible
configure:16858: g++ -E  conftest.cpp
conftest.cpp:26:37: fatal error: X11/Xaw3d/Xaw3dXft.h: No such file or directory
      #include <X11/Xaw3d/Xaw3dXft.h>
                                     ^
compilation terminated.
configure:16858: $? = 1
configure: failed program was:
| /* confdefs.h */
| #define PACKAGE_NAME "XTide"
| #define PACKAGE_TARNAME "xtide"
| #define PACKAGE_VERSION "2.14"
| #define PACKAGE_STRING "XTide 2.14"
| #define PACKAGE_BUGREPORT "dave@flaterco.com"
| #define PACKAGE_URL ""
| #define PACKAGE "xtide"
| #define VERSION "2.14"
| #define STDC_HEADERS 1
| #define HAVE_SYS_TYPES_H 1
| #define HAVE_SYS_STAT_H 1
| #define HAVE_STDLIB_H 1
| #define HAVE_STRING_H 1
| #define HAVE_MEMORY_H 1
| #define HAVE_STRINGS_H 1
| #define HAVE_INTTYPES_H 1
| #define HAVE_STDINT_H 1
| #define HAVE_UNISTD_H 1
| #define HAVE_DLFCN_H 1
| #define LT_OBJDIR ".libs/"
| #define xttpd_user "nobody"
| #define xttpd_group "nobody"
| /* end confdefs.h.  */
| 
| 	    #include <X11/Xaw3d/Xaw3dXft.h>
| 
configure:16920: result: no
configure:16923: checking X11/Xaw3d/Box.h usability
configure:16923: g++ -c -g -O2  conftest.cpp >&5
conftest.cpp:58:27: fatal error: X11/Xaw3d/Box.h: No such file or directory
 #include <X11/Xaw3d/Box.h>
                           ^
compilation terminated.
configure:16923: $? = 1
configure: failed program was:
| /* confdefs.h */
| #define PACKAGE_NAME "XTide"
| #define PACKAGE_TARNAME "xtide"
| #define PACKAGE_VERSION "2.14"
| #define PACKAGE_STRING "XTide 2.14"
| #define PACKAGE_BUGREPORT "dave@flaterco.com"
| #define PACKAGE_URL ""
| #define PACKAGE "xtide"
| #define VERSION "2.14"
| #define STDC_HEADERS 1
| #define HAVE_SYS_TYPES_H 1
| #define HAVE_SYS_STAT_H 1
| #define HAVE_STDLIB_H 1
| #define HAVE_STRING_H 1
| #define HAVE_MEMORY_H 1
| #define HAVE_STRINGS_H 1
| #define HAVE_INTTYPES_H 1
| #define HAVE_STDINT_H 1
| #define HAVE_UNISTD_H 1
| #define HAVE_DLFCN_H 1
| #define LT_OBJDIR ".libs/"
| #define xttpd_user "nobody"
| #define xttpd_group "nobody"
| /* end confdefs.h.  */
| #include <stdio.h>
| #ifdef HAVE_SYS_TYPES_H
| # include <sys/types.h>
| #endif
| #ifdef HAVE_SYS_STAT_H
| # include <sys/stat.h>
| #endif
| #ifdef STDC_HEADERS
| # include <stdlib.h>
| # include <stddef.h>
| #else
| # ifdef HAVE_STDLIB_H
| #  include <stdlib.h>
| # endif
| #endif
| #ifdef HAVE_STRING_H
| # if !defined STDC_HEADERS && defined HAVE_MEMORY_H
| #  include <memory.h>
| # endif
| # include <string.h>
| #endif
| #ifdef HAVE_STRINGS_H
| # include <strings.h>
| #endif
| #ifdef HAVE_INTTYPES_H
| # include <inttypes.h>
| #endif
| #ifdef HAVE_STDINT_H
| # include <stdint.h>
| #endif
| #ifdef HAVE_UNISTD_H
| # include <unistd.h>
| #endif
| #include <X11/Xaw3d/Box.h>
configure:16923: result: no
configure:16923: checking X11/Xaw3d/Box.h presence
configure:16923: g++ -E  conftest.cpp
conftest.cpp:25:27: fatal error: X11/Xaw3d/Box.h: No such file or directory
 #include <X11/Xaw3d/Box.h>
                           ^
compilation terminated.
configure:16923: $? = 1
configure: failed program was:
| /* confdefs.h */
| #define PACKAGE_NAME "XTide"
| #define PACKAGE_TARNAME "xtide"
| #define PACKAGE_VERSION "2.14"
| #define PACKAGE_STRING "XTide 2.14"
| #define PACKAGE_BUGREPORT "dave@flaterco.com"
| #define PACKAGE_URL ""
| #define PACKAGE "xtide"
| #define VERSION "2.14"
| #define STDC_HEADERS 1
| #define HAVE_SYS_TYPES_H 1
| #define HAVE_SYS_STAT_H 1
| #define HAVE_STDLIB_H 1
| #define HAVE_STRING_H 1
| #define HAVE_MEMORY_H 1
| #define HAVE_STRINGS_H 1
| #define HAVE_INTTYPES_H 1
| #define HAVE_STDINT_H 1
| #define HAVE_UNISTD_H 1
| #define HAVE_DLFCN_H 1
| #define LT_OBJDIR ".libs/"
| #define xttpd_user "nobody"
| #define xttpd_group "nobody"
| /* end confdefs.h.  */
| #include <X11/Xaw3d/Box.h>
configure:16923: result: no
configure:16923: checking for X11/Xaw3d/Box.h
configure:16923: result: no
configure:16977: checking X11/Xaw/Box.h usability
configure:16977: g++ -c -g -O2  conftest.cpp >&5
conftest.cpp:58:25: fatal error: X11/Xaw/Box.h: No such file or directory
 #include <X11/Xaw/Box.h>
                         ^
compilation terminated.
configure:16977: $? = 1
configure: failed program was:
| /* confdefs.h */
| #define PACKAGE_NAME "XTide"
| #define PACKAGE_TARNAME "xtide"
| #define PACKAGE_VERSION "2.14"
| #define PACKAGE_STRING "XTide 2.14"
| #define PACKAGE_BUGREPORT "dave@flaterco.com"
| #define PACKAGE_URL ""
| #define PACKAGE "xtide"
| #define VERSION "2.14"
| #define STDC_HEADERS 1
| #define HAVE_SYS_TYPES_H 1
| #define HAVE_SYS_STAT_H 1
| #define HAVE_STDLIB_H 1
| #define HAVE_STRING_H 1
| #define HAVE_MEMORY_H 1
| #define HAVE_STRINGS_H 1
| #define HAVE_INTTYPES_H 1
| #define HAVE_STDINT_H 1
| #define HAVE_UNISTD_H 1
| #define HAVE_DLFCN_H 1
| #define LT_OBJDIR ".libs/"
| #define xttpd_user "nobody"
| #define xttpd_group "nobody"
| /* end confdefs.h.  */
| #include <stdio.h>
| #ifdef HAVE_SYS_TYPES_H
| # include <sys/types.h>
| #endif
| #ifdef HAVE_SYS_STAT_H
| # include <sys/stat.h>
| #endif
| #ifdef STDC_HEADERS
| # include <stdlib.h>
| # include <stddef.h>
| #else
| # ifdef HAVE_STDLIB_H
| #  include <stdlib.h>
| # endif
| #endif
| #ifdef HAVE_STRING_H
| # if !defined STDC_HEADERS && defined HAVE_MEMORY_H
| #  include <memory.h>
| # endif
| # include <string.h>
| #endif
| #ifdef HAVE_STRINGS_H
| # include <strings.h>
| #endif
| #ifdef HAVE_INTTYPES_H
| # include <inttypes.h>
| #endif
| #ifdef HAVE_STDINT_H
| # include <stdint.h>
| #endif
| #ifdef HAVE_UNISTD_H
| # include <unistd.h>
| #endif
| #include <X11/Xaw/Box.h>
configure:16977: result: no
configure:16977: checking X11/Xaw/Box.h presence
configure:16977: g++ -E  conftest.cpp
conftest.cpp:25:25: fatal error: X11/Xaw/Box.h: No such file or directory
 #include <X11/Xaw/Box.h>
                         ^
compilation terminated.
configure:16977: $? = 1
configure: failed program was:
| /* confdefs.h */
| #define PACKAGE_NAME "XTide"
| #define PACKAGE_TARNAME "xtide"
| #define PACKAGE_VERSION "2.14"
| #define PACKAGE_STRING "XTide 2.14"
| #define PACKAGE_BUGREPORT "dave@flaterco.com"
| #define PACKAGE_URL ""
| #define PACKAGE "xtide"
| #define VERSION "2.14"
| #define STDC_HEADERS 1
| #define HAVE_SYS_TYPES_H 1
| #define HAVE_SYS_STAT_H 1
| #define HAVE_STDLIB_H 1
| #define HAVE_STRING_H 1
| #define HAVE_MEMORY_H 1
| #define HAVE_STRINGS_H 1
| #define HAVE_INTTYPES_H 1
| #define HAVE_STDINT_H 1
| #define HAVE_UNISTD_H 1
| #define HAVE_DLFCN_H 1
| #define LT_OBJDIR ".libs/"
| #define xttpd_user "nobody"
| #define xttpd_group "nobody"
| /* end confdefs.h.  */
| #include <X11/Xaw/Box.h>
configure:16977: result: no
configure:16977: checking for X11/Xaw/Box.h
configure:16977: result: no
configure:17028: error: cannot find Athena Widgets Box.h; try setting CPPFLAGS.

## ---------------- ##
## Cache variables. ##
## ---------------- ##

ac_cv_build=x86_64-unknown-linux-gnu
ac_cv_c_compiler_gnu=yes
ac_cv_cxx_compiler_gnu=yes
ac_cv_env_CCC_set=
ac_cv_env_CCC_value=
ac_cv_env_CC_set=
ac_cv_env_CC_value=
ac_cv_env_CFLAGS_set=
ac_cv_env_CFLAGS_value=
ac_cv_env_CPPFLAGS_set=
ac_cv_env_CPPFLAGS_value=
ac_cv_env_CPP_set=
ac_cv_env_CPP_value=
ac_cv_env_CXXCPP_set=
ac_cv_env_CXXCPP_value=
ac_cv_env_CXXFLAGS_set=
ac_cv_env_CXXFLAGS_value=
ac_cv_env_CXX_set=
ac_cv_env_CXX_value=
ac_cv_env_LDFLAGS_set=
ac_cv_env_LDFLAGS_value=
ac_cv_env_LIBS_set=
ac_cv_env_LIBS_value=
ac_cv_env_XMKMF_set=
ac_cv_env_XMKMF_value=
ac_cv_env_YACC_set=
ac_cv_env_YACC_value=
ac_cv_env_YFLAGS_set=
ac_cv_env_YFLAGS_value=
ac_cv_env_build_alias_set=
ac_cv_env_build_alias_value=
ac_cv_env_host_alias_set=
ac_cv_env_host_alias_value=
ac_cv_env_target_alias_set=
ac_cv_env_target_alias_value=
ac_cv_func_connect=yes
ac_cv_func_gethostbyname=yes
ac_cv_func_remove=yes
ac_cv_func_shmat=yes
ac_cv_have_x='have_x=yes	ac_x_includes='\'''\''	ac_x_libraries='\'''\'''
ac_cv_header_X11_Xaw3d_Box_h=no
ac_cv_header_X11_Xaw_Box_h=no
ac_cv_header_dlfcn_h=yes
ac_cv_header_inttypes_h=yes
ac_cv_header_memory_h=yes
ac_cv_header_stdc=yes
ac_cv_header_stdint_h=yes
ac_cv_header_stdlib_h=yes
ac_cv_header_string_h=yes
ac_cv_header_strings_h=yes
ac_cv_header_sys_stat_h=yes
ac_cv_header_sys_types_h=yes
ac_cv_header_unistd_h=yes
ac_cv_header_vector=yes
ac_cv_host=x86_64-unknown-linux-gnu
ac_cv_lib_ICE_IceConnectionNumber=no
ac_cv_objext=o
ac_cv_path_EGREP='/bin/grep -E'
ac_cv_path_FGREP='/bin/grep -F'
ac_cv_path_GREP=/bin/grep
ac_cv_path_SED=/bin/sed
ac_cv_path_install='/usr/bin/install -c'
ac_cv_path_mkdir=/bin/mkdir
ac_cv_prog_AWK=mawk
ac_cv_prog_CPP='gcc -E'
ac_cv_prog_CXXCPP='g++ -E'
ac_cv_prog_ac_ct_AR=ar
ac_cv_prog_ac_ct_CC=gcc
ac_cv_prog_ac_ct_CXX=g++
ac_cv_prog_ac_ct_MANIFEST_TOOL=mt
ac_cv_prog_ac_ct_OBJDUMP=objdump
ac_cv_prog_ac_ct_RANLIB=ranlib
ac_cv_prog_ac_ct_STRIP=strip
ac_cv_prog_cc_c89=
ac_cv_prog_cc_g=yes
ac_cv_prog_cxx_g=yes
ac_cv_prog_make_make_set=yes
am_cv_CC_dependencies_compiler_type=gcc3
am_cv_CXX_dependencies_compiler_type=gcc3
lt_cv_ar_at_file=@
lt_cv_archive_cmds_need_lc=no
lt_cv_deplibs_check_method=pass_all
lt_cv_file_magic_cmd='$MAGIC_CMD'
lt_cv_file_magic_test_file=
lt_cv_ld_reload_flag=-r
lt_cv_nm_interface='BSD nm'
lt_cv_objdir=.libs
lt_cv_path_LD=/usr/bin/ld
lt_cv_path_LDCXX='/usr/bin/ld -m elf_x86_64'
lt_cv_path_NM='/usr/bin/nm -B'
lt_cv_path_mainfest_tool=no
lt_cv_prog_compiler_c_o=yes
lt_cv_prog_compiler_c_o_CXX=yes
lt_cv_prog_compiler_pic='-fPIC -DPIC'
lt_cv_prog_compiler_pic_CXX='-fPIC -DPIC'
lt_cv_prog_compiler_pic_works=yes
lt_cv_prog_compiler_pic_works_CXX=yes
lt_cv_prog_compiler_rtti_exceptions=no
lt_cv_prog_compiler_static_works=yes
lt_cv_prog_compiler_static_works_CXX=yes
lt_cv_prog_gnu_ld=yes
lt_cv_prog_gnu_ldcxx=yes
lt_cv_sharedlib_from_linklib_cmd='printf %s\n'
lt_cv_shlibpath_overrides_runpath=no
lt_cv_sys_global_symbol_pipe='sed -n -e '\''s/^.*[	 ]\([ABCDGIRSTW][ABCDGIRSTW]*\)[	 ][	 ]*\([_A-Za-z][_A-Za-z0-9]*\)$/\1 \2 \2/p'\'' | sed '\''/ __gnu_lto/d'\'''
lt_cv_sys_global_symbol_to_c_name_address='sed -n -e '\''s/^: \([^ ]*\)[ ]*$/  {\"\1\", (void *) 0},/p'\'' -e '\''s/^[ABCDGIRSTW]* \([^ ]*\) \([^ ]*\)$/  {"\2", (void *) \&\2},/p'\'''
lt_cv_sys_global_symbol_to_c_name_address_lib_prefix='sed -n -e '\''s/^: \([^ ]*\)[ ]*$/  {\"\1\", (void *) 0},/p'\'' -e '\''s/^[ABCDGIRSTW]* \([^ ]*\) \(lib[^ ]*\)$/  {"\2", (void *) \&\2},/p'\'' -e '\''s/^[ABCDGIRSTW]* \([^ ]*\) \([^ ]*\)$/  {"lib\2", (void *) \&\2},/p'\'''
lt_cv_sys_global_symbol_to_cdecl='sed -n -e '\''s/^T .* \(.*\)$/extern int \1();/p'\'' -e '\''s/^[ABCDGIRSTW]* .* \(.*\)$/extern char \1;/p'\'''
lt_cv_sys_max_cmd_len=1572864
lt_cv_to_host_file_cmd=func_convert_file_noop
lt_cv_to_tool_file_cmd=func_convert_file_noop

## ----------------- ##
## Output variables. ##
## ----------------- ##

ACLOCAL='${SHELL} /home/bhall/xtide/xtide-2.14/missing --run aclocal-1.11'
ADDED_CPPFLAGS=''
ADDED_CXXFLAGS=' -std=gnu++0x'
AMDEPBACKSLASH='\'
AMDEP_FALSE='#'
AMDEP_TRUE=''
AMTAR='$${TAR-tar}'
AR='ar'
AUTOCONF='${SHELL} /home/bhall/xtide/xtide-2.14/missing --run autoconf'
AUTOHEADER='${SHELL} /home/bhall/xtide/xtide-2.14/missing --run autoheader'
AUTOMAKE='${SHELL} /home/bhall/xtide/xtide-2.14/missing --run automake-1.11'
AWK='mawk'
CC='gcc'
CCDEPMODE='depmode=gcc3'
CFLAGS='-g -O2'
CPP='gcc -E'
CPPFLAGS=''
CXX='g++'
CXXCPP='g++ -E'
CXXDEPMODE='depmode=gcc3'
CXXFLAGS='-g -O2'
CYGPATH_W='echo'
DEFS=''
DEPDIR='.deps'
DLLTOOL='false'
DSYMUTIL=''
DUMPBIN=''
ECHO_C=''
ECHO_N='-n'
ECHO_T=''
EGREP='/bin/grep -E'
EXEEXT=''
FGREP='/bin/grep -F'
GPSD_LIBS=''
GREP='/bin/grep'
HAVE_X_FALSE='#'
HAVE_X_TRUE=''
INSTALL_DATA='${INSTALL} -m 644'
INSTALL_PROGRAM='${INSTALL}'
INSTALL_SCRIPT='${INSTALL}'
INSTALL_STRIP_PROGRAM='$(install_sh) -c -s'
LD='/usr/bin/ld -m elf_x86_64'
LDFLAGS=''
LEX='${SHELL} /home/bhall/xtide/xtide-2.14/missing --run flex'
LEXLIB=''
LEX_OUTPUT_ROOT=''
LIBOBJS=''
LIBS=' -lm'
LIBTOOL='$(SHELL) $(top_builddir)/libtool'
LIPO=''
LN_S='ln -s'
LTLIBOBJS=''
MAKEINFO='${SHELL} /home/bhall/xtide/xtide-2.14/missing --run makeinfo'
MANIFEST_TOOL=':'
MKDIR_P='/bin/mkdir -p'
NM='/usr/bin/nm -B'
NMEDIT=''
NO_LIBDSTR_FALSE=''
NO_LIBDSTR_TRUE=''
OBJDUMP='objdump'
OBJEXT='o'
OTOOL64=''
OTOOL=''
PACKAGE='xtide'
PACKAGE_BUGREPORT='dave@flaterco.com'
PACKAGE_NAME='XTide'
PACKAGE_STRING='XTide 2.14'
PACKAGE_TARNAME='xtide'
PACKAGE_URL=''
PACKAGE_VERSION='2.14'
PATH_SEPARATOR=':'
RANLIB='ranlib'
SED='/bin/sed'
SET_MAKE=''
SHELL='/bin/bash'
STRIP='strip'
VERSION='2.14'
XAW=''
XMKMF=''
X_CFLAGS=''
X_EXTRA_LIBS=''
X_LIBS=''
X_PRE_LIBS=''
YACC='yacc'
YFLAGS=''
ac_ct_AR='ar'
ac_ct_CC='gcc'
ac_ct_CXX='g++'
ac_ct_DUMPBIN=''
am__EXEEXT_FALSE=''
am__EXEEXT_TRUE=''
am__fastdepCC_FALSE='#'
am__fastdepCC_TRUE=''
am__fastdepCXX_FALSE='#'
am__fastdepCXX_TRUE=''
am__include='include'
am__isrc=''
am__leading_dot='.'
am__nodep='_no'
am__quote=''
am__tar='$${TAR-tar} chof - "$$tardir"'
am__untar='$${TAR-tar} xf -'
bindir='${exec_prefix}/bin'
build='x86_64-unknown-linux-gnu'
build_alias=''
build_cpu='x86_64'
build_os='linux-gnu'
build_vendor='unknown'
datadir='${datarootdir}'
datarootdir='${prefix}/share'
docdir='${datarootdir}/doc/${PACKAGE_TARNAME}'
dvidir='${docdir}'
exec_prefix='NONE'
host='x86_64-unknown-linux-gnu'
host_alias=''
host_cpu='x86_64'
host_os='linux-gnu'
host_vendor='unknown'
htmldir='${docdir}'
includedir='${prefix}/include'
infodir='${datarootdir}/info'
install_sh='${SHELL} /home/bhall/xtide/xtide-2.14/install-sh'
libdir='${exec_prefix}/lib'
libexecdir='${exec_prefix}/libexec'
localedir='${datarootdir}/locale'
localstatedir='${prefix}/var'
mandir='${datarootdir}/man'
mkdir_p='/bin/mkdir -p'
oldincludedir='/usr/include'
pdfdir='${docdir}'
prefix='NONE'
program_transform_name='s,x,x,'
psdir='${docdir}'
sbindir='${exec_prefix}/sbin'
sharedstatedir='${prefix}/com'
sysconfdir='${prefix}/etc'
target_alias=''

## ----------- ##
## confdefs.h. ##
## ----------- ##

/* confdefs.h */
#define PACKAGE_NAME "XTide"
#define PACKAGE_TARNAME "xtide"
#define PACKAGE_VERSION "2.14"
#define PACKAGE_STRING "XTide 2.14"
#define PACKAGE_BUGREPORT "dave@flaterco.com"
#define PACKAGE_URL ""
#define PACKAGE "xtide"
#define VERSION "2.14"
#define STDC_HEADERS 1
#define HAVE_SYS_TYPES_H 1
#define HAVE_SYS_STAT_H 1
#define HAVE_STDLIB_H 1
#define HAVE_STRING_H 1
#define HAVE_MEMORY_H 1
#define HAVE_STRINGS_H 1
#define HAVE_INTTYPES_H 1
#define HAVE_STDINT_H 1
#define HAVE_UNISTD_H 1
#define HAVE_DLFCN_H 1
#define LT_OBJDIR ".libs/"
#define xttpd_user "nobody"
#define xttpd_group "nobody"

configure: exit 1
